[    0.000000] Initializing cgroup subsys cpuset
[    0.000000] Initializing cgroup subsys cpu
[    0.000000] Initializing cgroup subsys cpuacct
[    0.000000] Linux version 4.4.0-210-generic (buildd@lgw01-amd64-009) (gcc version 5.4.0 20160609 (Ubuntu 5.4.0-6ubuntu1~16.04.12) ) #242-Ubuntu SMP Fri Apr 16 09:57:56 UTC 2021 (Ubuntu 4.4.0-210.242-generic 4.4.262)
[    0.000000] Command line: BOOT_IMAGE=/boot/vmlinuz-4.4.0-210-generic root=LABEL=cloudimg-rootfs ro console=tty1 console=ttyS0
[    0.000000] KERNEL supported cpus:
[    0.000000]   Intel GenuineIntel
[    0.000000]   AMD AuthenticAMD
[    0.000000]   Centaur CentaurHauls
[    0.000000] [Firmware Bug]: TSC doesn't count with P0 frequency!
[    0.000000] x86/fpu: xstate_offset[2]:  576, xstate_sizes[2]:  256
[    0.000000] x86/fpu: Supporting XSAVE feature 0x01: 'x87 floating point registers'
[    0.000000] x86/fpu: Supporting XSAVE feature 0x02: 'SSE registers'
[    0.000000] x86/fpu: Supporting XSAVE feature 0x04: 'AVX registers'
[    0.000000] x86/fpu: Enabled xstate features 0x7, context size is 832 bytes, using 'standard' format.
[    0.000000] e820: BIOS-provided physical RAM map:
[    0.000000] BIOS-e820: [mem 0x0000000000000000-0x000000000009fbff] usable
[    0.000000] BIOS-e820: [mem 0x000000000009fc00-0x000000000009ffff] reserved
[    0.000000] BIOS-e820: [mem 0x00000000000f0000-0x00000000000fffff] reserved
[    0.000000] BIOS-e820: [mem 0x0000000000100000-0x000000003ffeffff] usable
[    0.000000] BIOS-e820: [mem 0x000000003fff0000-0x000000003fffffff] ACPI data
[    0.000000] BIOS-e820: [mem 0x00000000fec00000-0x00000000fec00fff] reserved
[    0.000000] BIOS-e820: [mem 0x00000000fee00000-0x00000000fee00fff] reserved
[    0.000000] BIOS-e820: [mem 0x00000000fffc0000-0x00000000ffffffff] reserved
[    0.000000] NX (Execute Disable) protection: active
[    0.000000] SMBIOS 2.5 present.
[    0.000000] Hypervisor detected: KVM
[    0.000000] Kernel/User page tables isolation: disabled
[    0.000000] e820: last_pfn = 0x3fff0 max_arch_pfn = 0x400000000
[    0.000000] MTRR: Disabled
[    0.000000] x86/PAT: MTRRs disabled, skipping PAT initialization too.
[    0.000000] CPU MTRRs all blank - virtualized system.
[    0.000000] x86/PAT: Configuration [0-7]: WB  WT  UC- UC  WB  WT  UC- UC  
[    0.000000] found SMP MP-table at [mem 0x0009fff0-0x0009ffff] mapped at [ffff88000009fff0]
[    0.000000] Scanning 1 areas for low memory corruption
[    0.000000] RAMDISK: [mem 0x362dc000-0x37165fff]
[    0.000000] ACPI: Early table checksum verification disabled
[    0.000000] ACPI: RSDP 0x00000000000E0000 000024 (v02 VBOX  )
[    0.000000] ACPI: XSDT 0x000000003FFF0030 00003C (v01 VBOX   VBOXXSDT 00000001 ASL  00000061)
[    0.000000] ACPI: FACP 0x000000003FFF00F0 0000F4 (v04 VBOX   VBOXFACP 00000001 ASL  00000061)
[    0.000000] ACPI: DSDT 0x000000003FFF0470 002325 (v02 VBOX   VBOXBIOS 00000002 INTL 20190509)
[    0.000000] ACPI: FACS 0x000000003FFF0200 000040
[    0.000000] ACPI: FACS 0x000000003FFF0200 000040
[    0.000000] ACPI: APIC 0x000000003FFF0240 00005C (v02 VBOX   VBOXAPIC 00000001 ASL  00000061)
[    0.000000] ACPI: SSDT 0x000000003FFF02A0 0001CC (v01 VBOX   VBOXCPUT 00000002 INTL 20190509)
[    0.000000] No NUMA configuration found
[    0.000000] Faking a node at [mem 0x0000000000000000-0x000000003ffeffff]
[    0.000000] NODE_DATA(0) allocated [mem 0x3ffeb000-0x3ffeffff]
[    0.000000] kvm-clock: Using msrs 4b564d01 and 4b564d00
[    0.000000] kvm-clock: cpu 0, msr 0:3ffe3001, primary cpu clock
[    0.000000] kvm-clock: using sched offset of 2933680117 cycles
[    0.000000] clocksource: kvm-clock: mask: 0xffffffffffffffff max_cycles: 0x1cd42e4dffb, max_idle_ns: 881590591483 ns
[    0.000000] Zone ranges:
[    0.000000]   DMA      [mem 0x0000000000001000-0x0000000000ffffff]
[    0.000000]   DMA32    [mem 0x0000000001000000-0x000000003ffeffff]
[    0.000000]   Normal   empty
[    0.000000]   Device   empty
[    0.000000] Movable zone start for each node
[    0.000000] Early memory node ranges
[    0.000000]   node   0: [mem 0x0000000000001000-0x000000000009efff]
[    0.000000]   node   0: [mem 0x0000000000100000-0x000000003ffeffff]
[    0.000000] Initmem setup node 0 [mem 0x0000000000001000-0x000000003ffeffff]
[    0.000000] ACPI: PM-Timer IO Port: 0x4008
[    0.000000] IOAPIC[0]: apic_id 2, version 32, address 0xfec00000, GSI 0-23
[    0.000000] ACPI: INT_SRC_OVR (bus 0 bus_irq 0 global_irq 2 dfl dfl)
[    0.000000] ACPI: INT_SRC_OVR (bus 0 bus_irq 9 global_irq 9 low level)
[    0.000000] Using ACPI (MADT) for SMP configuration information
[    0.000000] smpboot: Allowing 2 CPUs, 0 hotplug CPUs
[    0.000000] PM: Registered nosave memory: [mem 0x00000000-0x00000fff]
[    0.000000] PM: Registered nosave memory: [mem 0x0009f000-0x0009ffff]
[    0.000000] PM: Registered nosave memory: [mem 0x000a0000-0x000effff]
[    0.000000] PM: Registered nosave memory: [mem 0x000f0000-0x000fffff]
[    0.000000] e820: [mem 0x40000000-0xfebfffff] available for PCI devices
[    0.000000] Booting paravirtualized kernel on KVM
[    0.000000] clocksource: refined-jiffies: mask: 0xffffffff max_cycles: 0xffffffff, max_idle_ns: 7645519600211568 ns
[    0.000000] setup_percpu: NR_CPUS:512 nr_cpumask_bits:512 nr_cpu_ids:2 nr_node_ids:1
[    0.000000] PERCPU: Embedded 33 pages/cpu @ffff88003fc00000 s95192 r8192 d31784 u1048576
[    0.000000] Built 1 zonelists in Node order, mobility grouping on.  Total pages: 257912
[    0.000000] Policy zone: DMA32
[    0.000000] Kernel command line: BOOT_IMAGE=/boot/vmlinuz-4.4.0-210-generic root=LABEL=cloudimg-rootfs ro console=tty1 console=ttyS0
[    0.000000] PID hash table entries: 4096 (order: 3, 32768 bytes)
[    0.000000] Memory: 997792K/1048120K available (8644K kernel code, 1332K rwdata, 4044K rodata, 1492K init, 1164K bss, 50328K reserved, 0K cma-reserved)
[    0.000000] SLUB: HWalign=64, Order=0-3, MinObjects=0, CPUs=2, Nodes=1
[    0.000000] Hierarchical RCU implementation.
[    0.000000] 	Build-time adjustment of leaf fanout to 64.
[    0.000000] 	RCU restricting CPUs from NR_CPUS=512 to nr_cpu_ids=2.
[    0.000000] RCU: Adjusting geometry for rcu_fanout_leaf=64, nr_cpu_ids=2
[    0.000000] NR_IRQS:33024 nr_irqs:440 16
[    0.000000] Console: colour VGA+ 80x25
[    0.000000] console [tty1] enabled
[    0.000000] console [ttyS0] enabled
[    0.000000] tsc: Detected 3599.998 MHz processor
[    0.085794] Calibrating delay loop (skipped) preset value.. 7199.99 BogoMIPS (lpj=14399992)
[    0.086742] pid_max: default: 32768 minimum: 301
[    0.087257] ACPI: Core revision 20150930
[    0.088371] ACPI: 2 ACPI AML tables successfully acquired and loaded
[    0.089087] Security Framework initialized
[    0.089546] Yama: becoming mindful.
[    0.089972] AppArmor: AppArmor initialized
[    0.090561] Dentry cache hash table entries: 131072 (order: 8, 1048576 bytes)
[    0.091554] Inode-cache hash table entries: 65536 (order: 7, 524288 bytes)
[    0.092943] Mount-cache hash table entries: 2048 (order: 2, 16384 bytes)
[    0.093848] Mountpoint-cache hash table entries: 2048 (order: 2, 16384 bytes)
[    0.094753] Initializing cgroup subsys io
[    0.095347] Initializing cgroup subsys memory
[    0.095910] Initializing cgroup subsys devices
[    0.096471] Initializing cgroup subsys freezer
[    0.097054] Initializing cgroup subsys net_cls
[    0.097607] Initializing cgroup subsys perf_event
[    0.098193] Initializing cgroup subsys net_prio
[    0.098783] Initializing cgroup subsys hugetlb
[    0.099355] Initializing cgroup subsys pids
[    0.107105] mce: CPU supports 0 MCE banks
[    0.107682] Last level iTLB entries: 4KB 1024, 2MB 1024, 4MB 512
[    0.108372] Last level dTLB entries: 4KB 2048, 2MB 2048, 4MB 1024, 1GB 0
[    0.109085] Spectre V1 : Mitigation: usercopy/swapgs barriers and __user pointer sanitization
[    0.110030] Spectre V2 : Spectre mitigation: LFENCE not serializing, switching to generic retpoline
[    0.111110] Spectre V2 : Mitigation: Full generic retpoline
[    0.111722] Spectre V2 : Spectre v2 / SpectreRSB mitigation: Filling RSB on context switch
[    0.112694] Speculative Store Bypass: Mitigation: Speculative Store Bypass disabled via prctl and seccomp
[    0.115246] Freeing SMP alternatives memory: 36K
[    0.119339] ftrace: allocating 32380 entries in 127 pages
[    0.160500] smpboot: APIC(0) Converting physical 0 to logical package 0
[    0.161311] smpboot: Max logical packages: 1
[    0.162045] x2apic enabled
[    0.162579] Switched APIC routing to physical x2apic.
[    0.163899] ..TIMER: vector=0x30 apic1=0 pin1=2 apic2=-1 pin2=-1
[    0.272659] smpboot: CPU0: AMD Ryzen 5 3600 6-Core Processor (family: 0x17, model: 0x71, stepping: 0x0)
[    0.274126] Performance Events: Broken PMU hardware detected, using software events only.
[    0.275125] Failed to access perfctr msr (MSR c0010007 is 0)
[    0.279944] KVM setup paravirtual spinlock
[    0.281075] x86: Booting SMP configuration:
[    0.281639] .... node  #0, CPUs:      #1
[    0.282291] kvm-clock: cpu 1, msr 0:3ffe3041, secondary cpu clock
[    0.290309] mce: CPU supports 0 MCE banks
[    0.293019] x86: Booted up 1 node, 2 CPUs
[    0.293648] smpboot: Total of 2 processors activated (14399.99 BogoMIPS)
[    0.294938] devtmpfs: initialized
[    0.296656] evm: security.selinux
[    0.297150] evm: security.SMACK64
[    0.297661] evm: security.SMACK64EXEC
[    0.298177] evm: security.SMACK64TRANSMUTE
[    0.298712] evm: security.SMACK64MMAP
[    0.299201] evm: security.ima
[    0.299657] evm: security.capability
[    0.300871] clocksource: jiffies: mask: 0xffffffff max_cycles: 0xffffffff, max_idle_ns: 7645041785100000 ns
[    0.302553] futex hash table entries: 512 (order: 3, 32768 bytes)
[    0.303690] pinctrl core: initialized pinctrl subsystem
[    0.304470] RTC time:  3:40:07, date: 05/13/22
[    0.305344] NET: Registered protocol family 16
[    0.317187] cpuidle: using governor ladder
[    0.325350] cpuidle: using governor menu
[    0.326302] PCCT header not found.
[    0.327452] ACPI: bus type PCI registered
[    0.328385] acpiphp: ACPI Hot Plug PCI Controller Driver version: 0.5
[    0.329507] PCI: Using configuration type 1 for base access
[    0.330369] PCI: Using configuration type 1 for extended access
[    0.338006] ACPI: Added _OSI(Module Device)
[    0.338846] ACPI: Added _OSI(Processor Device)
[    0.339721] ACPI: Added _OSI(3.0 _SCP Extensions)
[    0.340605] ACPI: Added _OSI(Processor Aggregator Device)
[    0.342389] ACPI: Executed 1 blocks of module-level executable AML code
[    0.346760] ACPI: Interpreter enabled
[    0.347644] ACPI: (supports S0 S5)
[    0.348340] ACPI: Using IOAPIC for interrupt routing
[    0.349023] PCI: Using host bridge windows from ACPI; if necessary, use "pci=nocrs" and report a bug
[    0.351873] ACPI: PCI Root Bridge [PCI0] (domain 0000 [bus 00-ff])
[    0.352547] acpi PNP0A03:00: _OSC: OS supports [ExtendedConfig ASPM ClockPM Segments MSI]
[    0.353838] acpi PNP0A03:00: _OSC: platform does not support [PCIeCapability]
[    0.354772] acpi PNP0A03:00: _OSC: not requesting control; platform does not support [PCIeCapability]
[    0.355810] acpi PNP0A03:00: _OSC: OS requested [PCIeHotplug PME AER PCIeCapability]
[    0.356738] acpi PNP0A03:00: _OSC: platform willing to grant [PCIeHotplug PME AER]
[    0.357649] acpi PNP0A03:00: _OSC failed (AE_SUPPORT); disabling ASPM
[    0.358518] PCI host bridge to bus 0000:00
[    0.359006] pci_bus 0000:00: root bus resource [io  0x0000-0x0cf7 window]
[    0.365514] pci_bus 0000:00: root bus resource [io  0x0d00-0xffff window]
[    0.366295] pci_bus 0000:00: root bus resource [mem 0x000a0000-0x000bffff window]
[    0.367296] pci_bus 0000:00: root bus resource [mem 0x40000000-0xfdffffff window]
[    0.368290] pci_bus 0000:00: root bus resource [bus 00-ff]
[    0.369660] pci 0000:00:01.1: legacy IDE quirk: reg 0x10: [io  0x01f0-0x01f7]
[    0.370476] pci 0000:00:01.1: legacy IDE quirk: reg 0x14: [io  0x03f6]
[    0.371236] pci 0000:00:01.1: legacy IDE quirk: reg 0x18: [io  0x0170-0x0177]
[    0.372040] pci 0000:00:01.1: legacy IDE quirk: reg 0x1c: [io  0x0376]
[    0.379237] pci 0000:00:07.0: quirk: [io  0x4000-0x403f] claimed by PIIX4 ACPI
[    0.380145] pci 0000:00:07.0: quirk: [io  0x4100-0x410f] claimed by PIIX4 SMB
[    0.382971] ACPI: PCI Interrupt Link [LNKA] (IRQs 5 9 10 *11)
[    0.384021] ACPI: PCI Interrupt Link [LNKB] (IRQs 5 9 *10 11)
[    0.384963] ACPI: PCI Interrupt Link [LNKC] (IRQs 5 *9 10 11)
[    0.385886] ACPI: PCI Interrupt Link [LNKD] (IRQs 5 9 10 *11)
[    0.386843] ACPI: Enabled 2 GPEs in block 00 to 07
[    0.387736] vgaarb: setting as boot device: PCI:0000:00:02.0
[    0.388473] vgaarb: device added: PCI:0000:00:02.0,decodes=io+mem,owns=io+mem,locks=none
[    0.389512] vgaarb: loaded
[    0.389985] vgaarb: bridge control possible 0000:00:02.0
[    0.390828] SCSI subsystem initialized
[    0.391473] ACPI: bus type USB registered
[    0.392168] usbcore: registered new interface driver usbfs
[    0.393004] usbcore: registered new interface driver hub
[    0.393965] usbcore: registered new device driver usb
[    0.395198] PCI: Using ACPI for IRQ routing
[    0.396077] NetLabel: Initializing
[    0.396872] NetLabel:  domain hash size = 128
[    0.397805] NetLabel:  protocols = UNLABELED CIPSOv4
[    0.398801] NetLabel:  unlabeled traffic allowed by default
[    0.399668] amd_nb: Cannot enumerate AMD northbridges
[    0.400237] clocksource: Switched to clocksource kvm-clock
[    0.404754] AppArmor: AppArmor Filesystem Enabled
[    0.405389] pnp: PnP ACPI init
[    0.406171] pnp: PnP ACPI: found 3 devices
[    0.413378] clocksource: acpi_pm: mask: 0xffffff max_cycles: 0xffffff, max_idle_ns: 2085701024 ns
[    0.414447] NET: Registered protocol family 2
[    0.415070] TCP established hash table entries: 8192 (order: 4, 65536 bytes)
[    0.415817] TCP bind hash table entries: 8192 (order: 5, 131072 bytes)
[    0.416548] TCP: Hash tables configured (established 8192 bind 8192)
[    0.417305] UDP hash table entries: 512 (order: 2, 16384 bytes)
[    0.418005] UDP-Lite hash table entries: 512 (order: 2, 16384 bytes)
[    0.418726] NET: Registered protocol family 1
[    0.419284] pci 0000:00:00.0: Limiting direct PCI/PCI transfers
[    0.419996] pci 0000:00:01.0: Activating ISA DMA hang workarounds
[    0.421241] Unpacking initramfs...
[    0.582856] Freeing initrd memory: 14888K
[    0.583516] clocksource: tsc: mask: 0xffffffffffffffff max_cycles: 0x33e451ab1a6, max_idle_ns: 440795278720 ns
[    0.584741] platform rtc_cmos: registered platform RTC device (no PNP device found)
[    0.585732] Scanning for low memory corruption every 60 seconds
[    0.586760] audit: initializing netlink subsys (disabled)
[    0.587902] audit: type=2000 audit(1652413211.668:1): initialized
[    0.589494] Initialise system trusted keyring
[    0.590612] HugeTLB registered 2 MB page size, pre-allocated 0 pages
[    0.592064] zbud: loaded
[    0.592709] VFS: Disk quotas dquot_6.6.0
[    0.593305] VFS: Dquot-cache hash table entries: 512 (order 0, 4096 bytes)
[    0.594304] squashfs: version 4.0 (2009/01/31) Phillip Lougher
[    0.595947] fuse init (API version 7.23)
[    0.596839] Key type big_key registered
[    0.597578] Allocating IMA MOK and blacklist keyrings.
[    0.599124] Key type asymmetric registered
[    0.599721] Asymmetric key parser 'x509' registered
[    0.600581] Block layer SCSI generic (bsg) driver version 0.4 loaded (major 249)
[    0.602018] io scheduler noop registered
[    0.602766] io scheduler deadline registered (default)
[    0.603702] io scheduler cfq registered
[    0.604488] pci_hotplug: PCI Hot Plug PCI Core version: 0.5
[    0.605484] pciehp: PCI Express Hot Plug Controller Driver version: 0.4
[    0.606705] ACPI: AC Adapter [AC] (on-line)
[    0.607557] input: Power Button as /devices/LNXSYSTM:00/LNXPWRBN:00/input/input0
[    0.608993] ACPI: Power Button [PWRF]
[    0.609639] input: Sleep Button as /devices/LNXSYSTM:00/LNXSLPBN:00/input/input1
[    0.610766] ACPI: Sleep Button [SLPF]
[    0.611534] GHES: HEST is not enabled!
[    0.612438] Serial: 8250/16550 driver, 32 ports, IRQ sharing enabled
[    0.633605] 00:02: ttyS0 at I/O 0x3f8 (irq = 4, base_baud = 115200) is a 16550A
[    0.635789] Linux agpgart interface v0.103
[    0.637698] loop: module loaded
[    0.639019] scsi host0: ata_piix
[    0.639914] scsi host1: ata_piix
[    0.640424] ata1: PATA max UDMA/33 cmd 0x1f0 ctl 0x3f6 bmdma 0xd000 irq 14
[    0.641202] ata2: PATA max UDMA/33 cmd 0x170 ctl 0x376 bmdma 0xd008 irq 15
[    0.641921] libphy: Fixed MDIO Bus: probed
[    0.642413] tun: Universal TUN/TAP device driver, 1.6
[    0.643052] tun: (C) 1999-2004 Max Krasnyansky <maxk@qualcomm.com>
[    0.643969] PPP generic driver version 2.4.2
[    0.644593] ehci_hcd: USB 2.0 'Enhanced' Host Controller (EHCI) Driver
[    0.645382] ehci-pci: EHCI PCI platform driver
[    0.645983] ehci-platform: EHCI generic platform driver
[    0.646652] ohci_hcd: USB 1.1 'Open' Host Controller (OHCI) Driver
[    0.647408] ohci-pci: OHCI PCI platform driver
[    0.648022] ohci-platform: OHCI generic platform driver
[    0.648651] uhci_hcd: USB Universal Host Controller Interface driver
[    0.649254] i8042: PNP: PS/2 Controller [PNP0303:PS2K,PNP0f03:PS2M] at 0x60,0x64 irq 1,12
[    0.650560] serio: i8042 KBD port at 0x60,0x64 irq 1
[    0.651134] serio: i8042 AUX port at 0x60,0x64 irq 12
[    0.651884] mousedev: PS/2 mouse device common for all mice
[    0.652745] input: AT Translated Set 2 keyboard as /devices/platform/i8042/serio0/input/input2
[    0.654046] rtc_cmos rtc_cmos: rtc core: registered rtc_cmos as rtc0
[    0.654825] rtc_cmos rtc_cmos: alarms up to one day, 114 bytes nvram
[    0.655539] i2c /dev entries driver
[    0.656019] device-mapper: uevent: version 1.0.3
[    0.656695] device-mapper: ioctl: 4.34.0-ioctl (2015-10-28) initialised: dm-devel@redhat.com
[    0.657741] ledtrig-cpu: registered to indicate activity on CPUs
[    0.658884] NET: Registered protocol family 10
[    0.659668] NET: Registered protocol family 17
[    0.660555] Key type dns_resolver registered
[    0.661825] registered taskstats version 1
[    0.662659] Loading compiled-in X.509 certificates
[    0.664320] Loaded X.509 cert 'Build time autogenerated kernel key: cf00e047681d67edb2720680708b7d9498083038'
[    0.666172] zswap: loaded using pool lzo/zbud
[    0.668384] Key type trusted registered
[    0.671237] Key type encrypted registered
[    0.671791] AppArmor: AppArmor sha1 policy hashing enabled
[    0.672470] ima: No TPM chip found, activating TPM-bypass!
[    0.673180] ima: Allocated hash algorithm: sha1
[    0.673777] evm: HMAC attrs: 0x1
[    0.674374]   Magic number: 6:418:664
[    0.674943] rtc_cmos rtc_cmos: setting system clock to 2022-05-13 03:40:07 UTC (1652413207)
[    0.676356] BIOS EDD facility v0.16 2004-Jun-25, 0 devices found
[    0.677533] EDD information not available.
[    0.821363] Freeing unused kernel memory: 1492K
[    0.822237] Write protecting the kernel read-only data: 14336k
[    0.823625] Freeing unused kernel memory: 1584K
[    0.824604] Freeing unused kernel memory: 52K
Loading, please wait...
starting version 229
[    0.833855] random: systemd-udevd: uninitialized urandom read (16 bytes read, 2 bits of entropy available)
[    0.834044] random: udevadm: uninitialized urandom read (16 bytes read, 2 bits of entropy available)
[    0.834059] random: udevadm: uninitialized urandom read (16 bytes read, 2 bits of entropy available)
[    0.838847] random: systemd-udevd: uninitialized urandom read (16 bytes read, 2 bits of entropy available)
[    0.839063] random: udevadm: uninitialized urandom read (16 bytes read, 2 bits of entropy available)
[    0.839092] random: udevadm: uninitialized urandom read (16 bytes read, 2 bits of entropy available)
[    0.839188] random: udevadm: uninitialized urandom read (16 bytes read, 2 bits of entropy available)
[    0.839221] random: udevadm: uninitialized urandom read (16 bytes read, 2 bits of entropy available)
[    0.839254] random: udevadm: uninitialized urandom read (16 bytes read, 2 bits of entropy available)
[    0.839283] random: udevadm: uninitialized urandom read (16 bytes read, 2 bits of entropy available)
[    0.864203] e1000: Intel(R) PRO/1000 Network Driver - version 7.3.21-k8-NAPI
[    0.865151] e1000: Copyright (c) 1999-2006 Intel Corporation.
[    0.865946] Fusion MPT base driver 3.04.20
[    0.866560] Copyright (c) 1999-2008 LSI Corporation
[    0.869505] Fusion MPT SPI Host driver 3.04.20
[    0.879446] AVX2 version of gcm_enc/dec engaged.
[    0.880136] AES CTR mode by8 optimization enabled
[    1.074310] input: ImExPS/2 Generic Explorer Mouse as /devices/platform/i8042/serio1/input/input4
[    1.175306] e1000 0000:00:03.0 eth0: (PCI:33MHz:32-bit) 02:be:82:6b:cc:1d
[    1.176385] e1000 0000:00:03.0 eth0: Intel(R) PRO/1000 Network Connection
[    1.177747] mptbase: ioc0: Initiating bringup
[    1.178654] e1000 0000:00:03.0 enp0s3: renamed from eth0
[    1.912607] ioc0: LSI53C1030 A0: Capabilities={Initiator}
[    2.073505] scsi host2: ioc0: LSI53C1030 A0, FwRev=00000000h, Ports=1, MaxQ=256, IRQ=20
[    3.963245] scsi 2:0:0:0: Direct-Access     VBOX     HARDDISK         1.0  PQ: 0 ANSI: 5
[    3.965471] scsi target2:0:0: Beginning Domain Validation
[    3.975617] scsi target2:0:0: Domain Validation skipping write tests
[    3.976453] scsi target2:0:0: Ending Domain Validation
[    3.977168] scsi target2:0:0: asynchronous
[    3.978044] scsi 2:0:1:0: Direct-Access     VBOX     HARDDISK         1.0  PQ: 0 ANSI: 5
[    3.979596] scsi target2:0:1: Beginning Domain Validation
[    3.981150] scsi target2:0:1: Domain Validation skipping write tests
[    3.982189] scsi target2:0:1: Ending Domain Validation
[    3.983089] scsi target2:0:1: asynchronous
[    3.988119] sd 2:0:0:0: Attached scsi generic sg0 type 0
[    3.988406] sd 2:0:0:0: [sda] 83886080 512-byte logical blocks: (42.9 GB/40.0 GiB)
[    3.988513] sd 2:0:0:0: [sda] Write Protect is off
[    3.988583] sd 2:0:0:0: [sda] Incomplete mode parameter data
[    3.988584] sd 2:0:0:0: [sda] Assuming drive cache: write through
[    3.993856] sd 2:0:1:0: Attached scsi generic sg1 type 0
[    3.994108] sd 2:0:1:0: [sdb] 20480 512-byte logical blocks: (10.5 MB/10.0 MiB)
[    3.994184] sd 2:0:1:0: [sdb] Write Protect is off
[    3.994260] sd 2:0:1:0: [sdb] Incomplete mode parameter data
[    3.994261] sd 2:0:1:0: [sdb] Assuming drive cache: write through
[    3.994729]  sda: sda1
[    3.998461] sd 2:0:0:0: [sda] Attached SCSI disk
[    4.000815] sd 2:0:1:0: [sdb] Attached SCSI disk
Begin: Loading essential drivers ... [    5.230024] md: linear personality registered for level -1
[    5.232672] md: multipath personality registered for level -4
[    5.234660] md: raid0 personality registered for level 0
[    5.237228] md: raid1 personality registered for level 1
[    5.304374] raid6: sse2x1   gen()  8457 MB/s
[    5.375171] raid6: sse2x1   xor()  8904 MB/s
[    5.440266] raid6: sse2x2   gen() 17449 MB/s
[    5.508371] raid6: sse2x2   xor() 11645 MB/s
[    5.576677] raid6: sse2x4   gen() 18814 MB/s
[    5.644329] raid6: sse2x4   xor() 10816 MB/s
[    5.712526] raid6: avx2x1   gen() 21584 MB/s
[    5.780347] raid6: avx2x2   gen() 36430 MB/s
[    5.848357] raid6: avx2x4   gen() 35826 MB/s
[    5.848901] raid6: using algorithm avx2x2 gen() 36430 MB/s
[    5.849477] raid6: using avx2x2 recovery algorithm
[    5.850736] xor: automatically using best checksumming function:
[    5.888541]    avx       : 17175.000 MB/sec
[    5.890216] async_tx: api initialized (async)
[    5.898371] md: raid6 personality registered for level 6
[    5.899121] md: raid5 personality registered for level 5
[    5.899792] md: raid4 personality registered for level 4
[    5.904116] md: raid10 personality registered for level 10
done.
Begin: Running /scripts/init-premount ... done.
Begin: Mounting root file system ... Begin: Running /scripts/local-top ... done.
Begin: Running /scripts/local-premount ... [    5.925234] Btrfs loaded
Scanning for Btrfs filesystems
done.
Warning: fsck not present, so skipping root file system
[    5.944939] EXT4-fs (sda1): mounted filesystem with ordered data mode. Opts: (null)
done.
Begin: Running /scripts/local-bottom ... done.
Begin: Running /scripts/init-bottom ... done.
[    5.994360] systemd[1]: systemd 229 running in system mode. (+PAM +AUDIT +SELINUX +IMA +APPARMOR +SMACK +SYSVINIT +UTMP +LIBCRYPTSETUP +GCRYPT +GNUTLS +ACL +XZ -LZ4 +SECCOMP +BLKID +ELFUTILS +KMOD -IDN)
[    5.996730] systemd[1]: Detected virtualization oracle.
[    5.997322] systemd[1]: Detected architecture x86-64.

Welcome to [1mUbuntu 16.04.7 LTS[0m!

[    5.998794] systemd[1]: Set hostname to <ubuntu>.
[    6.000065] systemd[1]: Initializing machine ID from random generator.
[    6.000851] systemd[1]: Installed transient /etc/machine-id file.
[    6.080015] systemd[1]: Listening on udev Kernel Socket.
[[0;32m  OK  [0m] Listening on udev Kernel Socket.
[    6.081464] systemd[1]: Listening on Journal Socket.
[[0;32m  OK  [0m] Listening on Journal Socket.
[    6.082803] systemd[1]: Listening on LVM2 poll daemon socket.
[[0;32m  OK  [0m] Listening on LVM2 poll daemon socket.
[    6.084161] systemd[1]: Listening on udev Control Socket.
[[0;32m  OK  [0m] Listening on udev Control Socket.
[    6.085739] systemd[1]: Listening on Journal Socket (/dev/log).
[[0;32m  OK  [0m] Listening on Journal Socket (/dev/log).
[    6.087504] systemd[1]: Created slice System Slice.
[[0;32m  OK  [0m] Created slice System Slice.
[    6.100365] systemd[1]: Mounting Debug File System...
         Mounting Debug File System...
[    6.102278] systemd[1]: Mounting POSIX Message Queue File System...
         Mounting POSIX Message Queue File System...
[    6.104258] systemd[1]: Starting Uncomplicated firewall...
         Starting Uncomplicated firewall...
[    6.107561] systemd[1]: Starting Nameserver information manager...
         Starting Nameserver information manager...
[    6.116632] systemd[1]: Created slice User and Session Slice.
[[0;32m  OK  [0m] Created slice User and Session Slice.
[    6.118049] systemd[1]: Reached target Slices.
[[0;32m  OK  [0m] Reached target Slices.
[    6.119437] systemd[1]: Listening on LVM2 metadata daemon socket.
[[0;32m  OK  [0m] Listening on LVM2 metadata daemon socket.
[    6.122201] systemd[1]: Starting Load Kernel Modules...
         Starting Load Kernel Modules...
[    6.123657] systemd[1]: Reached target Swap.
[[0;32m  OK  [0m] Reached target Swap.
[    6.124982] systemd[1]: Created slice system-serial\x2dgetty.slice.
[[0;32m  OK  [0m] Created slice system-serial\x2dgetty.slice.
[    6.126226] systemd[1]: Started Forward Password Requests to Wall Directory Watch.
[[0;32m  OK  [0m] Started Forward Password Requests to Wall Directory Watch.
[    6.127506] systemd[1]: Listening on Syslog Socket.
[[0;32m  OK  [0m] Listening on Syslog Socket.
[    6.128442] systemd[1]: Listening on Device-mapper event daemon FIFOs.
[[0;32m  OK  [0m] Listening on Device-mapper event daemon FIFOs.
[    6.129657] Loading iSCSI transport class v2.0-870.
[    6.129881] systemd[1]: Starting Monitoring of LVM2 mirrors, snapshots etc. using dmeventd or progress polling...
         Starting Monitoring of LVM2 mirrors... dmeventd or progress polling...
[    6.137014] iscsi: registered transport (tcp)
[    6.144744] systemd[1]: Starting Set console keymap...
         Starting Set console keymap...
[    6.146003] systemd[1]: Listening on /dev/initctl Compatibility Named Pipe.
[[0;32m  OK  [0m] Listening on /dev/initctl Compatibility Named Pipe.
[    6.147361] systemd[1]: Set up automount Arbitrary Executable File Formats File System Automount Point.
[[0;32m  OK  [0m] Set up automount Arbitrary Executab...ats File System Automount Point.
[    6.149688] systemd[1]: Started Trigger resolvconf update for networkd DNS.
[[0;32m  OK  [0m] Started Trigger resolvconf update for networkd DNS.
[    6.151324] systemd[1]: Mounting Huge Pages File System...
         Mounting Huge Pages File System...
[    6.152358] systemd[1]: Listening on Journal Audit Socket.
[[0;32m  OK  [0m] Listening on Journal Audit Socket.
[    6.153831] systemd[1]: Starting Journal Service...
         Starting Journal Service...
[    6.157424] iscsi: registered transport (iser)
[    6.160723] systemd[1]: Starting Create list of required static device nodes for the current kernel...
         Starting Create list of required st... nodes for the current kernel...
[    6.162302] systemd[1]: Reached target Encrypted Volumes.
[[0;32m  OK  [0m] Reached target Encrypted Volumes.
[    6.163346] systemd[1]: Listening on fsck to fsckd communication Socket.
[[0;32m  OK  [0m] Listening on fsck to fsckd communication Socket.
[    6.164708] systemd[1]: Starting File System Check on Root Device...
         Starting File System Check on Root Device...
[    6.166436] systemd[1]: Reached target System Time Synchronized.
[[0;32m  OK  [0m] Reached target System Time Synchronized.
[    6.167749] systemd[1]: Reached target User and Group Name Lookups.
[[0;32m  OK  [0m] Reached target User and Group Name Lookups.
[    6.170217] systemd[1]: Mounted Huge Pages File System.
[[0;32m  OK  [0m] Mounted Huge Pages File System.
[    6.171256] systemd[1]: Mounted POSIX Message Queue File System.
[[0;32m  OK  [0m] Mounted POSIX Message Queue File System.
[    6.172814] systemd[1]: Mounted Debug File System.
[[0;32m  OK  [0m] Mounted Debug File System.
[    6.173844] systemd[1]: Started Journal Service.
[[0;32m  OK  [0m] Started Journal Service.
[[0;32m  OK  [0m] Started Uncomplicated firewall.
[[0;32m  OK  [0m] Started Load Kernel Modules.
[[0;32m  OK  [0m] Started Create list of required sta...ce nodes for the current kernel.
[[0;32m  OK  [0m] Started File System Check on Root Device.
[[0;32m  OK  [0m] Started Nameserver information manager.
[[0;32m  OK  [0m] Started Set console keymap.
[[0;32m  OK  [0m] Started LVM2 metadata daemon.
[[0;32m  OK  [0m] Started File System Check Daemon to report status.
         Starting Remount Root and Kernel File Systems...
         Starting Create Static Device Nodes in /dev...
[    6.207514] EXT4-fs (sda1): re-mounted. Opts: (null)
         Starting Apply Kernel Variables...
         Mounting FUSE Control File System...
[[0;32m  OK  [0m] Started Remount Root and Kernel File Systems.
[[0;32m  OK  [0m] Started Create Static Device Nodes in /dev.
[[0;32m  OK  [0m] Started Apply Kernel Variables.
[[0;32m  OK  [0m] Mounted FUSE Control File System.
         Starting udev Kernel Device Manager...
         Starting Flush Journal to Persistent Storage...
         Starting udev Coldplug all Devices...
         Starting Load/Save Random Seed...
[[0;32m  OK  [0m] Started Load/Save Random Seed.
[[0;32m  OK  [0m] Started Flush Journal to Persistent Storage.
[[0;32m  OK  [0m] Started udev Kernel Device Manager.
[[0;32m  OK  [0m] Started udev Coldplug all Devices.
[[0;32m  OK  [0m] Started Dispatch Password Requests to Console Directory Watch.
[[0;32m  OK  [0m] Found device /dev/ttyS0.
[[0;32m  OK  [0m] Listening on Load/Save RF Kill Switch Status /dev/rfkill Watch.
[[0;32m  OK  [0m] Started Monitoring of LVM2 mirrors,...ng dmeventd or progress polling.
[[0;32m  OK  [0m] Reached target Local File Systems (Pre).
[[0;32m  OK  [0m] Reached target Local File Systems.
         Starting Commit a transient machine-id on disk...
         Starting Set console font and keymap...
         Starting Initial cloud-init job (pre-networking)...
         Starting LSB: AppArmor initialization...
         Starting Create Volatile Files and Directories...
         Starting Tell Plymouth To Write Out Runtime Data...
[[0;32m  OK  [0m] Started Commit a transient machine-id on disk.
[[0;32m  OK  [0m] Started Create Volatile Files and Directories.
[[0;32m  OK  [0m] Started Tell Plymouth To Write Out Runtime Data.
         Starting Update UTMP about System Boot/Shutdown...
[[0;32m  OK  [0m] Started Update UTMP about System Boot/Shutdown.
[[0;32m  OK  [0m] Started Set console font and keymap.
[[0;32m  OK  [0m] Created slice system-getty.slice.
[[0;32m  OK  [0m] Started LSB: AppArmor initialization.
         Starting Load AppArmor profiles managed internally by snapd...
[[0;32m  OK  [0m] Started Load AppArmor profiles managed internally by snapd.
[    7.153367] cloud-init[622]: Cloud-init v. 21.1-19-gbad84ad4-0ubuntu1~16.04.2 running 'init-local' at Fri, 13 May 2022 03:40:13 +0000. Up 6.90 seconds.
[[0;32m  OK  [0m] Started Initial cloud-init job (pre-networking).
[[0;32m  OK  [0m] Reached target Network (Pre).
         Starting Raise network interfaces...
[[0;32m  OK  [0m] Started Raise network interfaces.
         Starting Initial cloud-init job (metadata service crawler)...
[[0;32m  OK  [0m] Reached target Network.
[    8.218194] cloud-init[944]: Cloud-init v. 21.1-19-gbad84ad4-0ubuntu1~16.04.2 running 'init' at Fri, 13 May 2022 03:40:14 +0000. Up 7.51 seconds.
[    8.219093] cloud-init[944]: ci-info: ++++++++++++++++++++++++++++++++++++++Net device info++++++++++++++++++++++++++++++++++++++
[    8.220034] cloud-init[944]: ci-info: +--------+------+----------------------------+---------------+--------+-------------------+
[    8.220928] cloud-init[944]: ci-info: | Device |  Up  |          Address           |      Mask     | Scope  |     Hw-Address    |
[    8.221768] cloud-init[944]: ci-info: +--------+------+----------------------------+---------------+--------+-------------------+
[    8.222857] cloud-init[944]: ci-info: | enp0s3 | True |         10.0.2.15          | 255.255.255.0 | global | 02:be:82:6b:cc:1d |
[    8.223716] cloud-init[944]: ci-info: | enp0s3 | True | fe80::be:82ff:fe6b:cc1d/64 |       .       |  link  | 02:be:82:6b:cc:1d |
[    8.224798] cloud-init[944]: ci-info: |   lo   | True |         127.0.0.1          |   255.0.0.0   |  host  |         .         |
[    8.225587] cloud-init[944]: ci-info: |   lo   | True |          ::1/128           |       .       |  host  |         .         |
[    8.226284] cloud-init[944]: ci-info: +--------+------+----------------------------+---------------+--------+-------------------+
[    8.226991] cloud-init[944]: ci-info: +++++++++++++++++++++++++++Route IPv4 info++++++++++++++++++++++++++++
[    8.232354] cloud-init[944]: ci-info: +-------+-------------+----------+---------------+-----------+-------+
[    8.240325] cloud-init[944]: ci-info: | Route | Destination | Gateway  |    Genmask    | Interface | Flags |
[    8.248309] [[0;32m  OK  [0m] Started Initial cloud-init job (metadata service crawler).
cloud-init[944]: [[0;32m  OK  [0m] Reached target Cloud-config availability.
[[0;32m  OK  [0m] Reached target Network is Online.
ci-info: +-------+-------------+----------+---------------+-----------+-------+
[    8.249431] cloud-init[944]: ci-info: |   0   |   0.0.0.0   | 10.0.2.2 |    0.0.0.0    |   enp0s3  |   UG  |
[    8.250011] cloud-init[944]: ci-info: |   1   |   10.0.2.0  | 0.0.0.0  | 255.255.255.0 |   enp0s3  |   U   |
[    8.250509] cloud-init[944]: ci-info: +-------+-------------+----------+---------------+-----------+-------+
[    8.251021] cloud-init[944]: ci-info: +++++++++++++++++++Route IPv6 info+++++++++++++++++++
[    8.251541] cloud-init[944]: ci-info: +-------+-------------+---------+-----------+-------+
[    8.256154] cloud-init[944]: ci-info: | Route | Destination | Gateway | Interface | Flags |
[    8.264315] cloud-init[944]: ci-info: +-------+-------------+---------+-----------+-------+
[    8.265256] cloud-init[944]: ci-info: |   0   |  fe80::/64  |    ::   |   enp0s3  |   U   |
[    8.266187] cloud-init[944]: ci-info: |   3   |   ff00::/8  |    ::   |   enp0s3  |   U   |
[    8.266463] cloud-init[944]: ci-info: +-------+-------------+---------+-----------+-------+
[    8.266765] cloud-init[944]: Generating public/private rsa key pair.
[    8.267034] cloud-init[944]: Your identification has been saved in /etc/ssh/ssh_host_rsa_key.
[    8.267372] cloud-init[944]: Your public key has been saved in /etc/ssh/ssh_host_rsa_key.pub.
[    8.267563] cloud-init[944]: The key fingerprint is:
[    8.267766] cloud-init[944]: SHA256:tiVmRFqFPIBTIavtw6PGcC79S82L6jvBEApzvDam3yk root@ubuntu-xenial
[    8.267998] cloud-init[944]: The key's randomart image is:
[    8.268279] cloud-init[944]: +---[RSA 2048]----+
[    8.268566] cloud-init[944]: | .  .o++oo.      |
[    8.268747] cloud-init[944]: |+ o oo ++        |
[    8.269036] cloud-init[944]: |o+ .... ..       |
[    8.269406] cloud-init[944]: |o =o   .         |
[    8.269681] cloud-init[944]: | *...   S .      |
[    8.269891] cloud-init[944]: |o +o o + +       |
[    8.270126] cloud-init[944]: | B o*.o .        |
[    8.270321] cloud-init[944]: |. Eoo+ .         |
[    8.270434] cloud-init[944]: | +=*+..          |
[    8.270664] cloud-init[944]: +----[SHA256]-----+
[    8.270725] cloud-init[944]: Generating public/private dsa key pair.
[    8.270816] cloud-init[944]: Your identification has been saved in /etc/ssh/ssh_host_dsa_key.
[    8.270974] cloud-init[944]: Your public key has been saved in /etc/ssh/ssh_host_dsa_key.pub.
[    8.271265] cloud-init[944]: The key fingerprint is:
[    8.271409] cloud-init[944]: SHA256:NeXeD2hIVIhJjrq+2T/0WkHfeQnmnbWdTxVWvQQKLdc root@ubuntu-xenial
[    8.271681] cloud-init[944]: The key's randomart image is:
[    8.271738] cloud-init[944]: +---[DSA 1024]----+
[    8.272060] cloud-init[944]: |       ..+oo+..o+|
[    8.272407] cloud-init[944]: |       oooo=.E..o|
[    8.272562] cloud-init[944]: |      . . B..o. +|
[    8.272655] cloud-init[944]: |     .   + =o+ooO|
[    8.272697] cloud-init[944]: |    .   S o =.=*+|
[    8.273544] cloud-init[944]: |     .  .  o   =.|
[    8.273855] cloud-init[944]: |    .  . ..     o|
[    8.274043] cloud-init[944]: |   . o  ...      |
[    8.274216] cloud-init[944]: |    +...oo       |
[    8.274375] cloud-init[944]: +----[SHA256]-----+
[    8.274533] cloud-init[944]: Generating public/private ecdsa key pair.
[    8.274801] cloud-init[944]: Your identification has been saved in /etc/ssh/ssh_host_ecdsa_key.
[    8.275078] cloud-init[944]: Your public key has been saved in /etc/ssh/ssh_host_ecdsa_key.pub.
[    8.275241] cloud-init[944]: The key fingerprint is:
[    8.275421] cloud-init[944]: SHA256:GqG2wBKXppI6x6asJ3IU2tWdihtq68xANpAHWlc6DV4 root@ubuntu-xenial
[    8.275578] cloud-init[944]: The key's randomart image is:
[    8.275686] cloud-init[944]: +---[ECDSA 256]---+
[    8.275772] cloud-init[944]: |. . o.E          |
[    8.275871] cloud-init[944]: |.+ + =           |
[    8.275961] cloud-init[944]: |= = +.o. .       |
[    8.276139] cloud-init[944]: |.O. .o..o        |
[    8.276240] cloud-init[944]: |=*ooo...S        |
[    8.276319] cloud-init[944]: |*o+oo..o         |
[    8.276497] cloud-init[944]: |+.+..o.          |
[    8.276588] cloud-init[944]: |+O= .            |
[    8.276764] cloud-init[944]: |=B=.             |
[    8.276955] cloud-init[944]: +----[SHA256]-----+
[    8.277120] cloud-init[944]: Generating public/private ed25519 key pair.
[    8.277292] cloud-init[944]: Your identification has been saved in /etc/ssh/ssh_host_ed25519_key.
[    8.277476] cloud-init[944]: Your public key has been saved in /etc/ssh/ssh_host_ed25519_key.pub.
[    8.277567] cloud-init[944]: The key fingerprint is:
[    8.277754] cloud-init[944]: SHA256:l+QYQZcjJp1xBytIZKR7R8MAlQpI1W8jApwMDBFGLTQ root@ubuntu-xenial
[    8.277854] cloud-init[944]: The key's randomart image is:
[    8.277945] cloud-init[944]: +--[ED25519 256]--+
[    8.278073] cloud-init[944]: |#E+.o=B++o+o.    |
[    8.278187] cloud-init[944]: |oBo. =o+=+oo     |
[    8.278255] cloud-init[944]: |  o...oo*.o.     |
[    8.278331] cloud-init[944]: |   ..o = B .     |
[    8.278397] cloud-init[944]: |    o + S +      |
[    8.278521] cloud-init[944]: |     . . .       |
[    8.278645] cloud-init[944]: |                 |
[    8.278761] cloud-init[944]: |                 |
[    8.279085] cloud-init[944]: |                 |
[    8.279240] cloud-init[944]: +----[SHA256]-----+
         Starting iSCSI initiator daemon (iscsid)...
[[0;32m  OK  [0m] Reached target System Initialization.
[[0;32m  OK  [0m] Listening on ACPID Listen Socket.
[[0;32m  OK  [0m] Started ACPI Events Check.
[[0;32m  OK  [0m] Reached target Paths.
[[0;32m  OK  [0m] Started Daily apt download activities.
[[0;32m  OK  [0m] Listening on D-Bus System Message Bus Socket.
[[0;32m  OK  [0m] Started Daily Cleanup of Temporary Directories.
[[0;32m  OK  [0m] Listening on UUID daemon activation socket.
         Starting Socket activation for snappy daemon.
         Starting LXD - unix socket.
[[0;32m  OK  [0m] Started Message of the Day.
[[0;32m  OK  [0m] Started Ubuntu Advantage update messaging.
[[0;32m  OK  [0m] Started Daily apt upgrade and clean activities.
[[0;32m  OK  [0m] Reached target Timers.
[[0;32m  OK  [0m] Listening on Socket activation for snappy daemon.
[[0;32m  OK  [0m] Listening on LXD - unix socket.
[[0;32m  OK  [0m] Reached target Sockets.
[[0;32m  OK  [0m] Reached target Basic System.
[[0;32m  OK  [0m] Started ACPI event daemon.
[[0;32m  OK  [0m] Started FUSE filesystem for LXC.
         Starting LSB: MD monitoring daemon...
         Starting System Logging Service...
[[0;32m  OK  [0m] Started Deferred execution scheduler.
         Starting Pollinate to seed the pseudo random number generator...
         Starting Snap Daemon...
         Starting LXD - container startup/shutdown...
         Starting Login Service...
[[0;32m  OK  [0m] Started D-Bus System Message Bus.
         Starting Virtualbox guest utils...
[[0;32m  OK  [0m] Started Regular background program processing daemon.
         Starting /etc/rc.local Compatibility...
         Starting LSB: Record successful boot for GRUB...
         Starting Accounts Service...
[[0;32m  OK  [0m] Started System Logging Service.
[[0;32m  OK  [0m] Started iSCSI initiator daemon (iscsid).
[[0;32m  OK  [0m] Started /etc/rc.local Compatibility.
[[0;32m  OK  [0m] Started Login Service.
[[0;32m  OK  [0m] Started Unattended Upgrades Shutdown.
         Starting Login to default iSCSI targets...
[[0;32m  OK  [0m] Started Login to default iSCSI targets.
[[0;32m  OK  [0m] Reached target Remote File Systems (Pre).
[[0;32m  OK  [0m] Reached target Remote File Systems.
         Starting Permit User Sessions...
         Starting LSB: Set the CPU Frequency Scaling governor to "ondemand"...
         Starting LSB: daemon to balance interrupts for SMP systems...
         Starting LSB: automatic crash report generation...
[[0;32m  OK  [0m] Started Permit User Sessions.
         Starting Terminate Plymouth Boot Screen...
         Starting Hold until boot process finishes up...
[[0;32m  OK  [0m] Started Hold until boot process finishes up.
[[0;32m  OK  [0m] Started Getty on tty1.
[[0;32m  OK  [0m] Started Serial Getty on ttyS0.
[[0;32m  OK  [0m] Reached target Login Prompts.
         Starting Set console scheme...
[[0;32m  OK  [0m] Started LSB: MD monitoring daemon.
[[0;32m  OK  [0m] Started LSB: Record successful boot for GRUB.
[[0;32m  OK  [0m] Started Terminate Plymouth Boot Screen.
[[0;32m  OK  [0m] Started Set console scheme.
[[0;32m  OK  [0m] Started LSB: daemon to balance interrupts for SMP systems.
[[0;32m  OK  [0m] Started LSB: Set the CPU Frequency Scaling governor to "ondemand".
[[0;32m  OK  [0m] Started LSB: automatic crash report generation.
         Starting Authenticate and Authorize Users to Run Privileged Tasks...
[[0;32m  OK  [0m] Started LXD - container startup/shutdown.
[[0;32m  OK  [0m] Started Virtualbox guest utils.
[[0;32m  OK  [0m] Started Authenticate and Authorize Users to Run Privileged Tasks.
[[0;32m  OK  [0m] Started Accounts Service.
[[0;32m  OK  [0m] Started Snap Daemon.
         Starting Wait until snapd is fully seeded...
[[0;32m  OK  [0m] Started Pollinate to seed the pseudo random number generator.
         Starting OpenBSD Secure Shell server...
[[0;32m  OK  [0m] Started OpenBSD Secure Shell server.
[[0;32m  OK  [0m] Started Wait until snapd is fully seeded.
         Starting Apply the settings specified in cloud-config...
[[0;32m  OK  [0m] Reached target Multi-User System.
[[0;32m  OK  [0m] Reached target Graphical Interface.
         Starting Update UTMP about System Runlevel Changes...
[[0;32m  OK  [0m] Started Update UTMP about System Runlevel Changes.
[   10.328365] cloud-init[1282]: Generating locales (this might take a while)...
[   10.725641] cloud-init[1282]:   en_US.UTF-8... done
[   10.732316] cloud-init[1282]: Generation complete.
[   10.898133] cloud-init[1282]: Cloud-init v. 21.1-19-gbad84ad4-0ubuntu1~16.04.2 running 'modules:config' at Fri, 13 May 2022 03:40:17 +0000. Up 10.25 seconds.
[[0;32m  OK  [0m] Started Apply the settings specified in cloud-config.
         Starting Execute cloud user/final scripts...
ci-info: no authorized SSH keys fingerprints found for user ubuntu.
<14>May 13 03:40:18 ec2: 
<14>May 13 03:40:18 ec2: #############################################################
<14>May 13 03:40:18 ec2: -----BEGIN SSH HOST KEY FINGERPRINTS-----
<14>May 13 03:40:18 ec2: 1024 SHA256:NeXeD2hIVIhJjrq+2T/0WkHfeQnmnbWdTxVWvQQKLdc root@ubuntu-xenial (DSA)
<14>May 13 03:40:18 ec2: 256 SHA256:GqG2wBKXppI6x6asJ3IU2tWdihtq68xANpAHWlc6DV4 root@ubuntu-xenial (ECDSA)
<14>May 13 03:40:18 ec2: 256 SHA256:l+QYQZcjJp1xBytIZKR7R8MAlQpI1W8jApwMDBFGLTQ root@ubuntu-xenial (ED25519)
<14>May 13 03:40:18 ec2: 2048 SHA256:tiVmRFqFPIBTIavtw6PGcC79S82L6jvBEApzvDam3yk root@ubuntu-xenial (RSA)
<14>May 13 03:40:18 ec2: -----END SSH HOST KEY FINGERPRINTS-----
<14>May 13 03:40:18 ec2: #############################################################
-----BEGIN SSH HOST KEY KEYS-----
ecdsa-sha2-nistp256 AAAAE2VjZHNhLXNoYTItbmlzdHAyNTYAAAAIbmlzdHAyNTYAAABBBLnhuttgwdlvz8n7YvKEr6/UZldf4ZBetCP4Fd8FFCm4tbpM5rNQ3oCez/il/a/nh0zoq3YaMvCvsf3rvLY/YMA= root@ubuntu-xenial
ssh-ed25519 AAAAC3NzaC1lZDI1NTE5AAAAIBbXXsYXdxbZmWFT/kVcjdNXd3USIT9Ip9/k4o12bpVM root@ubuntu-xenial
ssh-rsa AAAAB3NzaC1yc2EAAAADAQABAAABAQDMob1Izej4w3SSnUwlW8LrAyNWnyI7UNVdF1Ezy/ndTaaoVDunAzd1J+ZVaS3lcpOWlaifX3JA0Frbd49pvHN+0NRVmHXWAshbnUZRtGwaW9bzUNutDf6OUWVS78rIX5bJFy/QjZD31DhGQCk0yWnziRBjFxe0jkRPQAlpobpXixPjssxXHVc9aOaBKBG/+C2kR+IYOLRH1HvbZaobX9HWzNmlcI5QfqA/BkoiDZOYOw6ei1cXiArDllTbvFg7nvI7UOpChZ1dPVakPTmmmaNVr87GepR1wEtIVg0jaqEzvlxphmdneohPaH1Jm3aZvNFLObwfbtasReHKOHNV6mfx root@ubuntu-xenial
-----END SSH HOST KEY KEYS-----
[   11.196893] cloud-init[1325]: Cloud-init v. 21.1-19-gbad84ad4-0ubuntu1~16.04.2 running 'modules:final' at Fri, 13 May 2022 03:40:18 +0000. Up 11.09 seconds.
[   11.204445] cloud-init[1325]: ci-info: no authorized SSH keys fingerprints found for user ubuntu.
[   11.205120] cloud-init[1325]: Cloud-init v. 21.1-19-gbad84ad4-0ubuntu1~16.04.2 finished at Fri, 13 May 2022 03:40:18 +0000. Datasource DataSourceNoCloud [seed=/dev/sdb][dsmode=net].  Up 11.19 seconds
[[0;32m  OK  [0m] Started Execute cloud user/final scripts.
[[0;32m  OK  [0m] Reached target Cloud-init target.

Ubuntu 16.04.7 LTS ubuntu-xenial ttyS0

ubuntu-xenial login: 